The system is: Linux - 3.10.17-poky-edison+ - i686
Compiling the C compiler identification source file "CMakeCCompilerId.c" succeeded.
Compiler: /usr/bin/cc 
Build flags: 
Id flags: 

The output was:
0


Compilation of the C compiler identification source "CMakeCCompilerId.c" produced "a.out"

The C compiler identification is GNU, found in "/home/Harmony_Spring_Demo/build/CMakeFiles/2.8.12.2/CompilerIdC/a.out"

Compiling the CXX compiler identification source file "CMakeCXXCompilerId.cpp" succeeded.
Compiler: /usr/bin/c++ 
Build flags: 
Id flags: 

The output was:
0


Compilation of the CXX compiler identification source "CMakeCXXCompilerId.cpp" produced "a.out"

The CXX compiler identification is GNU, found in "/home/Harmony_Spring_Demo/build/CMakeFiles/2.8.12.2/CompilerIdCXX/a.out"

Determining if the C compiler works passed with the following output:
Change Dir: /home/Harmony_Spring_Demo/build/CMakeFiles/CMakeTmp

Run Build Command:/usr/bin/make "cmTryCompileExec2882633771/fast"
/usr/bin/make -f CMakeFiles/cmTryCompileExec2882633771.dir/build.make CMakeFiles/cmTryCompileExec2882633771.dir/build
make[1]: Entering directory '/home/Harmony_Spring_Demo/build/CMakeFiles/CMakeTmp'
/usr/bin/cmake -E cmake_progress_report /home/Harmony_Spring_Demo/build/CMakeFiles/CMakeTmp/CMakeFiles 1
Building C object CMakeFiles/cmTryCompileExec2882633771.dir/testCCompiler.c.o
/usr/bin/cc    -o CMakeFiles/cmTryCompileExec2882633771.dir/testCCompiler.c.o   -c /home/Harmony_Spring_Demo/build/CMakeFiles/CMakeTmp/testCCompiler.c
Linking C executable cmTryCompileExec2882633771
/usr/bin/cmake -E cmake_link_script CMakeFiles/cmTryCompileExec2882633771.dir/link.txt --verbose=1
/usr/bin/cc       CMakeFiles/cmTryCompileExec2882633771.dir/testCCompiler.c.o  -o cmTryCompileExec2882633771 -rdynamic 
make[1]: Leaving directory '/home/Harmony_Spring_Demo/build/CMakeFiles/CMakeTmp'


Detecting C compiler ABI info compiled with the following output:
Change Dir: /home/Harmony_Spring_Demo/build/CMakeFiles/CMakeTmp

Run Build Command:/usr/bin/make "cmTryCompileExec3778312352/fast"
/usr/bin/make -f CMakeFiles/cmTryCompileExec3778312352.dir/build.make CMakeFiles/cmTryCompileExec3778312352.dir/build
make[1]: Entering directory '/home/Harmony_Spring_Demo/build/CMakeFiles/CMakeTmp'
/usr/bin/cmake -E cmake_progress_report /home/Harmony_Spring_Demo/build/CMakeFiles/CMakeTmp/CMakeFiles 1
Building C object CMakeFiles/cmTryCompileExec3778312352.dir/CMakeCCompilerABI.c.o
/usr/bin/cc    -o CMakeFiles/cmTryCompileExec3778312352.dir/CMakeCCompilerABI.c.o   -c /usr/share/cmake-2.8/Modules/CMakeCCompilerABI.c
Linking C executable cmTryCompileExec3778312352
/usr/bin/cmake -E cmake_link_script CMakeFiles/cmTryCompileExec3778312352.dir/link.txt --verbose=1
/usr/bin/cc     -v CMakeFiles/cmTryCompileExec3778312352.dir/CMakeCCompilerABI.c.o  -o cmTryCompileExec3778312352 -rdynamic  
Using built-in specs.
COLLECT_GCC=/usr/bin/cc
COLLECT_LTO_WRAPPER=/usr/lib/gcc/gcc/i586-poky-linux/4.9.1/lto-wrapper
Target: i586-poky-linux
Configured with: /data/jenkins_worker/workspace/edison-weekly/out/linux64/build/tmp/work-shared/gcc-4.9.1-r0/gcc-4.9.1/configure --build=x86_64-linux --host=i586-poky-linux --target=i586-poky-linux --prefix=/usr --exec_prefix=/usr --bindir=/usr/bin --sbindir=/usr/sbin --libexecdir=/usr/lib/gcc --datadir=/usr/share --sysconfdir=/etc --sharedstatedir=/com --localstatedir=/var --libdir=/usr/lib --includedir=/usr/include --oldincludedir=/usr/include --infodir=/usr/share/info --mandir=/usr/share/man --disable-silent-rules --disable-dependency-tracking --with-libtool-sysroot=/data/jenkins_worker/workspace/edison-weekly/out/linux64/build/tmp/sysroots/edison --with-gnu-ld --enable-shared --enable-languages=c,c++ --enable-threads=posix --enable-multilib --enable-c99 --enable-long-long --enable-symvers=gnu --enable-libstdcxx-pch --program-prefix=i586-poky-linux- --without-local-prefix --enable-target-optspace --enable-lto --enable-libssp --disable-bootstrap --disable-libmudflap --with-system-zlib --with-linker-hash-style=gnu --enable-linker-build-id --with-ppl=no --with-cloog=no --enable-checking=release --enable-cheaders=c_global --with-sysroot=/ --with-build-sysroot=/data/jenkins_worker/workspace/edison-weekly/out/linux64/build/tmp/sysroots/edison --with-native-system-header-dir=/data/jenkins_worker/workspace/edison-weekly/out/linux64/build/tmp/sysroots/edison/usr/include --with-gxx-include-dir=/usr/include/c++/4.9.1 --enable-nls --enable-__cxa_atexit
Thread model: posix
gcc version 4.9.1 (GCC) 
COMPILER_PATH=/usr/lib/gcc/gcc/i586-poky-linux/4.9.1/:/usr/lib/gcc/gcc/i586-poky-linux/4.9.1/:/usr/lib/gcc/gcc/i586-poky-linux/:/usr/lib/gcc/i586-poky-linux/4.9.1/:/usr/lib/gcc/i586-poky-linux/:/usr/lib/gcc/i586-poky-linux/4.9.1/../../../../i586-poky-linux/bin/
LIBRARY_PATH=/usr/lib/gcc/i586-poky-linux/4.9.1/:/usr/lib/gcc/i586-poky-linux/4.9.1/../../../i586-poky-linux/4.9.1/:/usr/lib/gcc/i586-poky-linux/4.9.1/../../../:/lib/:/usr/lib/i586-poky-linux/4.9.1/:/usr/lib/
COLLECT_GCC_OPTIONS='-v' '-o' 'cmTryCompileExec3778312352' '-rdynamic' '-mtune=pentium' '-march=pentium'
 /usr/lib/gcc/gcc/i586-poky-linux/4.9.1/collect2 -plugin /usr/lib/gcc/gcc/i586-poky-linux/4.9.1/liblto_plugin.so -plugin-opt=/usr/lib/gcc/gcc/i586-poky-linux/4.9.1/lto-wrapper -plugin-opt=-fresolution=/tmp/ccIw2SZc.res -plugin-opt=-pass-through=-lgcc -plugin-opt=-pass-through=-lgcc_s -plugin-opt=-pass-through=-lc -plugin-opt=-pass-through=-lgcc -plugin-opt=-pass-through=-lgcc_s --sysroot=/ --build-id --eh-frame-hdr --hash-style=gnu -m elf_i386 -export-dynamic -dynamic-linker /lib/ld-linux.so.2 -o cmTryCompileExec3778312352 /usr/lib/gcc/i586-poky-linux/4.9.1/../../../crt1.o /usr/lib/gcc/i586-poky-linux/4.9.1/../../../crti.o /usr/lib/gcc/i586-poky-linux/4.9.1/../../../i586-poky-linux/4.9.1/crtbegin.o -L/usr/lib/gcc/i586-poky-linux/4.9.1 -L/usr/lib/gcc/i586-poky-linux/4.9.1/../../../i586-poky-linux/4.9.1 -L/usr/lib/gcc/i586-poky-linux/4.9.1/../../.. -L/usr/lib/i586-poky-linux/4.9.1 CMakeFiles/cmTryCompileExec3778312352.dir/CMakeCCompilerABI.c.o -lgcc --as-needed -lgcc_s --no-as-needed -lc -lgcc --as-needed -lgcc_s --no-as-needed /usr/lib/gcc/i586-poky-linux/4.9.1/../../../i586-poky-linux/4.9.1/crtend.o /usr/lib/gcc/i586-poky-linux/4.9.1/../../../crtn.o
make[1]: Leaving directory '/home/Harmony_Spring_Demo/build/CMakeFiles/CMakeTmp'


Parsed C implicit link information from above output:
  link line regex: [^( *|.*[/\])(ld|([^/\]+-)?ld|collect2)[^/\]*( |$)]
  ignore line: [Change Dir: /home/Harmony_Spring_Demo/build/CMakeFiles/CMakeTmp]
  ignore line: []
  ignore line: [Run Build Command:/usr/bin/make "cmTryCompileExec3778312352/fast"]
  ignore line: [/usr/bin/make -f CMakeFiles/cmTryCompileExec3778312352.dir/build.make CMakeFiles/cmTryCompileExec3778312352.dir/build]
  ignore line: [make[1]: Entering directory '/home/Harmony_Spring_Demo/build/CMakeFiles/CMakeTmp']
  ignore line: [/usr/bin/cmake -E cmake_progress_report /home/Harmony_Spring_Demo/build/CMakeFiles/CMakeTmp/CMakeFiles 1]
  ignore line: [Building C object CMakeFiles/cmTryCompileExec3778312352.dir/CMakeCCompilerABI.c.o]
  ignore line: [/usr/bin/cc    -o CMakeFiles/cmTryCompileExec3778312352.dir/CMakeCCompilerABI.c.o   -c /usr/share/cmake-2.8/Modules/CMakeCCompilerABI.c]
  ignore line: [Linking C executable cmTryCompileExec3778312352]
  ignore line: [/usr/bin/cmake -E cmake_link_script CMakeFiles/cmTryCompileExec3778312352.dir/link.txt --verbose=1]
  ignore line: [/usr/bin/cc     -v CMakeFiles/cmTryCompileExec3778312352.dir/CMakeCCompilerABI.c.o  -o cmTryCompileExec3778312352 -rdynamic  ]
  ignore line: [Using built-in specs.]
  ignore line: [COLLECT_GCC=/usr/bin/cc]
  ignore line: [COLLECT_LTO_WRAPPER=/usr/lib/gcc/gcc/i586-poky-linux/4.9.1/lto-wrapper]
  ignore line: [Target: i586-poky-linux]
  ignore line: [Configured with: /data/jenkins_worker/workspace/edison-weekly/out/linux64/build/tmp/work-shared/gcc-4.9.1-r0/gcc-4.9.1/configure --build=x86_64-linux --host=i586-poky-linux --target=i586-poky-linux --prefix=/usr --exec_prefix=/usr --bindir=/usr/bin --sbindir=/usr/sbin --libexecdir=/usr/lib/gcc --datadir=/usr/share --sysconfdir=/etc --sharedstatedir=/com --localstatedir=/var --libdir=/usr/lib --includedir=/usr/include --oldincludedir=/usr/include --infodir=/usr/share/info --mandir=/usr/share/man --disable-silent-rules --disable-dependency-tracking --with-libtool-sysroot=/data/jenkins_worker/workspace/edison-weekly/out/linux64/build/tmp/sysroots/edison --with-gnu-ld --enable-shared --enable-languages=c,c++ --enable-threads=posix --enable-multilib --enable-c99 --enable-long-long --enable-symvers=gnu --enable-libstdcxx-pch --program-prefix=i586-poky-linux- --without-local-prefix --enable-target-optspace --enable-lto --enable-libssp --disable-bootstrap --disable-libmudflap --with-system-zlib --with-linker-hash-style=gnu --enable-linker-build-id --with-ppl=no --with-cloog=no --enable-checking=release --enable-cheaders=c_global --with-sysroot=/ --with-build-sysroot=/data/jenkins_worker/workspace/edison-weekly/out/linux64/build/tmp/sysroots/edison --with-native-system-header-dir=/data/jenkins_worker/workspace/edison-weekly/out/linux64/build/tmp/sysroots/edison/usr/include --with-gxx-include-dir=/usr/include/c++/4.9.1 --enable-nls --enable-__cxa_atexit]
  ignore line: [Thread model: posix]
  ignore line: [gcc version 4.9.1 (GCC) ]
  ignore line: [COMPILER_PATH=/usr/lib/gcc/gcc/i586-poky-linux/4.9.1/:/usr/lib/gcc/gcc/i586-poky-linux/4.9.1/:/usr/lib/gcc/gcc/i586-poky-linux/:/usr/lib/gcc/i586-poky-linux/4.9.1/:/usr/lib/gcc/i586-poky-linux/:/usr/lib/gcc/i586-poky-linux/4.9.1/../../../../i586-poky-linux/bin/]
  ignore line: [LIBRARY_PATH=/usr/lib/gcc/i586-poky-linux/4.9.1/:/usr/lib/gcc/i586-poky-linux/4.9.1/../../../i586-poky-linux/4.9.1/:/usr/lib/gcc/i586-poky-linux/4.9.1/../../../:/lib/:/usr/lib/i586-poky-linux/4.9.1/:/usr/lib/]
  ignore line: [COLLECT_GCC_OPTIONS='-v' '-o' 'cmTryCompileExec3778312352' '-rdynamic' '-mtune=pentium' '-march=pentium']
  link line: [ /usr/lib/gcc/gcc/i586-poky-linux/4.9.1/collect2 -plugin /usr/lib/gcc/gcc/i586-poky-linux/4.9.1/liblto_plugin.so -plugin-opt=/usr/lib/gcc/gcc/i586-poky-linux/4.9.1/lto-wrapper -plugin-opt=-fresolution=/tmp/ccIw2SZc.res -plugin-opt=-pass-through=-lgcc -plugin-opt=-pass-through=-lgcc_s -plugin-opt=-pass-through=-lc -plugin-opt=-pass-through=-lgcc -plugin-opt=-pass-through=-lgcc_s --sysroot=/ --build-id --eh-frame-hdr --hash-style=gnu -m elf_i386 -export-dynamic -dynamic-linker /lib/ld-linux.so.2 -o cmTryCompileExec3778312352 /usr/lib/gcc/i586-poky-linux/4.9.1/../../../crt1.o /usr/lib/gcc/i586-poky-linux/4.9.1/../../../crti.o /usr/lib/gcc/i586-poky-linux/4.9.1/../../../i586-poky-linux/4.9.1/crtbegin.o -L/usr/lib/gcc/i586-poky-linux/4.9.1 -L/usr/lib/gcc/i586-poky-linux/4.9.1/../../../i586-poky-linux/4.9.1 -L/usr/lib/gcc/i586-poky-linux/4.9.1/../../.. -L/usr/lib/i586-poky-linux/4.9.1 CMakeFiles/cmTryCompileExec3778312352.dir/CMakeCCompilerABI.c.o -lgcc --as-needed -lgcc_s --no-as-needed -lc -lgcc --as-needed -lgcc_s --no-as-needed /usr/lib/gcc/i586-poky-linux/4.9.1/../../../i586-poky-linux/4.9.1/crtend.o /usr/lib/gcc/i586-poky-linux/4.9.1/../../../crtn.o]
    arg [/usr/lib/gcc/gcc/i586-poky-linux/4.9.1/collect2] ==> ignore
    arg [-plugin] ==> ignore
    arg [/usr/lib/gcc/gcc/i586-poky-linux/4.9.1/liblto_plugin.so] ==> ignore
    arg [-plugin-opt=/usr/lib/gcc/gcc/i586-poky-linux/4.9.1/lto-wrapper] ==> ignore
    arg [-plugin-opt=-fresolution=/tmp/ccIw2SZc.res] ==> ignore
    arg [-plugin-opt=-pass-through=-lgcc] ==> ignore
    arg [-plugin-opt=-pass-through=-lgcc_s] ==> ignore
    arg [-plugin-opt=-pass-through=-lc] ==> ignore
    arg [-plugin-opt=-pass-through=-lgcc] ==> ignore
    arg [-plugin-opt=-pass-through=-lgcc_s] ==> ignore
    arg [--sysroot=/] ==> ignore
    arg [--build-id] ==> ignore
    arg [--eh-frame-hdr] ==> ignore
    arg [--hash-style=gnu] ==> ignore
    arg [-m] ==> ignore
    arg [elf_i386] ==> ignore
    arg [-export-dynamic] ==> ignore
    arg [-dynamic-linker] ==> ignore
    arg [/lib/ld-linux.so.2] ==> ignore
    arg [-o] ==> ignore
    arg [cmTryCompileExec3778312352] ==> ignore
    arg [/usr/lib/gcc/i586-poky-linux/4.9.1/../../../crt1.o] ==> ignore
    arg [/usr/lib/gcc/i586-poky-linux/4.9.1/../../../crti.o] ==> ignore
    arg [/usr/lib/gcc/i586-poky-linux/4.9.1/../../../i586-poky-linux/4.9.1/crtbegin.o] ==> ignore
    arg [-L/usr/lib/gcc/i586-poky-linux/4.9.1] ==> dir [/usr/lib/gcc/i586-poky-linux/4.9.1]
    arg [-L/usr/lib/gcc/i586-poky-linux/4.9.1/../../../i586-poky-linux/4.9.1] ==> dir [/usr/lib/gcc/i586-poky-linux/4.9.1/../../../i586-poky-linux/4.9.1]
    arg [-L/usr/lib/gcc/i586-poky-linux/4.9.1/../../..] ==> dir [/usr/lib/gcc/i586-poky-linux/4.9.1/../../..]
    arg [-L/usr/lib/i586-poky-linux/4.9.1] ==> dir [/usr/lib/i586-poky-linux/4.9.1]
    arg [CMakeFiles/cmTryCompileExec3778312352.dir/CMakeCCompilerABI.c.o] ==> ignore
    arg [-lgcc] ==> lib [gcc]
    arg [--as-needed] ==> ignore
    arg [-lgcc_s] ==> lib [gcc_s]
    arg [--no-as-needed] ==> ignore
    arg [-lc] ==> lib [c]
    arg [-lgcc] ==> lib [gcc]
    arg [--as-needed] ==> ignore
    arg [-lgcc_s] ==> lib [gcc_s]
    arg [--no-as-needed] ==> ignore
    arg [/usr/lib/gcc/i586-poky-linux/4.9.1/../../../i586-poky-linux/4.9.1/crtend.o] ==> ignore
    arg [/usr/lib/gcc/i586-poky-linux/4.9.1/../../../crtn.o] ==> ignore
  remove lib [gcc]
  remove lib [gcc_s]
  remove lib [gcc]
  remove lib [gcc_s]
  collapse library dir [/usr/lib/gcc/i586-poky-linux/4.9.1] ==> [/usr/lib/gcc/i586-poky-linux/4.9.1]
  collapse library dir [/usr/lib/gcc/i586-poky-linux/4.9.1/../../../i586-poky-linux/4.9.1] ==> [/usr/lib/i586-poky-linux/4.9.1]
  collapse library dir [/usr/lib/gcc/i586-poky-linux/4.9.1/../../..] ==> [/usr/lib]
  collapse library dir [/usr/lib/i586-poky-linux/4.9.1] ==> [/usr/lib/i586-poky-linux/4.9.1]
  implicit libs: [c]
  implicit dirs: [/usr/lib/gcc/i586-poky-linux/4.9.1;/usr/lib/i586-poky-linux/4.9.1;/usr/lib]
  implicit fwks: []


Determining if the CXX compiler works passed with the following output:
Change Dir: /home/Harmony_Spring_Demo/build/CMakeFiles/CMakeTmp

Run Build Command:/usr/bin/make "cmTryCompileExec1246355269/fast"
/usr/bin/make -f CMakeFiles/cmTryCompileExec1246355269.dir/build.make CMakeFiles/cmTryCompileExec1246355269.dir/build
make[1]: Entering directory '/home/Harmony_Spring_Demo/build/CMakeFiles/CMakeTmp'
/usr/bin/cmake -E cmake_progress_report /home/Harmony_Spring_Demo/build/CMakeFiles/CMakeTmp/CMakeFiles 1
Building CXX object CMakeFiles/cmTryCompileExec1246355269.dir/testCXXCompiler.cxx.o
/usr/bin/c++     -o CMakeFiles/cmTryCompileExec1246355269.dir/testCXXCompiler.cxx.o -c /home/Harmony_Spring_Demo/build/CMakeFiles/CMakeTmp/testCXXCompiler.cxx
Linking CXX executable cmTryCompileExec1246355269
/usr/bin/cmake -E cmake_link_script CMakeFiles/cmTryCompileExec1246355269.dir/link.txt --verbose=1
/usr/bin/c++        CMakeFiles/cmTryCompileExec1246355269.dir/testCXXCompiler.cxx.o  -o cmTryCompileExec1246355269 -rdynamic 
make[1]: Leaving directory '/home/Harmony_Spring_Demo/build/CMakeFiles/CMakeTmp'


Detecting CXX compiler ABI info compiled with the following output:
Change Dir: /home/Harmony_Spring_Demo/build/CMakeFiles/CMakeTmp

Run Build Command:/usr/bin/make "cmTryCompileExec3882013487/fast"
/usr/bin/make -f CMakeFiles/cmTryCompileExec3882013487.dir/build.make CMakeFiles/cmTryCompileExec3882013487.dir/build
make[1]: Entering directory '/home/Harmony_Spring_Demo/build/CMakeFiles/CMakeTmp'
/usr/bin/cmake -E cmake_progress_report /home/Harmony_Spring_Demo/build/CMakeFiles/CMakeTmp/CMakeFiles 1
Building CXX object CMakeFiles/cmTryCompileExec3882013487.dir/CMakeCXXCompilerABI.cpp.o
/usr/bin/c++     -o CMakeFiles/cmTryCompileExec3882013487.dir/CMakeCXXCompilerABI.cpp.o -c /usr/share/cmake-2.8/Modules/CMakeCXXCompilerABI.cpp
Linking CXX executable cmTryCompileExec3882013487
/usr/bin/cmake -E cmake_link_script CMakeFiles/cmTryCompileExec3882013487.dir/link.txt --verbose=1
/usr/bin/c++      -v CMakeFiles/cmTryCompileExec3882013487.dir/CMakeCXXCompilerABI.cpp.o  -o cmTryCompileExec3882013487 -rdynamic  
Using built-in specs.
COLLECT_GCC=/usr/bin/c++
COLLECT_LTO_WRAPPER=/usr/lib/gcc/gcc/i586-poky-linux/4.9.1/lto-wrapper
Target: i586-poky-linux
Configured with: /data/jenkins_worker/workspace/edison-weekly/out/linux64/build/tmp/work-shared/gcc-4.9.1-r0/gcc-4.9.1/configure --build=x86_64-linux --host=i586-poky-linux --target=i586-poky-linux --prefix=/usr --exec_prefix=/usr --bindir=/usr/bin --sbindir=/usr/sbin --libexecdir=/usr/lib/gcc --datadir=/usr/share --sysconfdir=/etc --sharedstatedir=/com --localstatedir=/var --libdir=/usr/lib --includedir=/usr/include --oldincludedir=/usr/include --infodir=/usr/share/info --mandir=/usr/share/man --disable-silent-rules --disable-dependency-tracking --with-libtool-sysroot=/data/jenkins_worker/workspace/edison-weekly/out/linux64/build/tmp/sysroots/edison --with-gnu-ld --enable-shared --enable-languages=c,c++ --enable-threads=posix --enable-multilib --enable-c99 --enable-long-long --enable-symvers=gnu --enable-libstdcxx-pch --program-prefix=i586-poky-linux- --without-local-prefix --enable-target-optspace --enable-lto --enable-libssp --disable-bootstrap --disable-libmudflap --with-system-zlib --with-linker-hash-style=gnu --enable-linker-build-id --with-ppl=no --with-cloog=no --enable-checking=release --enable-cheaders=c_global --with-sysroot=/ --with-build-sysroot=/data/jenkins_worker/workspace/edison-weekly/out/linux64/build/tmp/sysroots/edison --with-native-system-header-dir=/data/jenkins_worker/workspace/edison-weekly/out/linux64/build/tmp/sysroots/edison/usr/include --with-gxx-include-dir=/usr/include/c++/4.9.1 --enable-nls --enable-__cxa_atexit
Thread model: posix
gcc version 4.9.1 (GCC) 
COMPILER_PATH=/usr/lib/gcc/gcc/i586-poky-linux/4.9.1/:/usr/lib/gcc/gcc/i586-poky-linux/4.9.1/:/usr/lib/gcc/gcc/i586-poky-linux/:/usr/lib/gcc/i586-poky-linux/4.9.1/:/usr/lib/gcc/i586-poky-linux/:/usr/lib/gcc/i586-poky-linux/4.9.1/../../../../i586-poky-linux/bin/
LIBRARY_PATH=/usr/lib/gcc/i586-poky-linux/4.9.1/:/usr/lib/gcc/i586-poky-linux/4.9.1/../../../i586-poky-linux/4.9.1/:/usr/lib/gcc/i586-poky-linux/4.9.1/../../../:/lib/:/usr/lib/i586-poky-linux/4.9.1/:/usr/lib/
COLLECT_GCC_OPTIONS='-v' '-o' 'cmTryCompileExec3882013487' '-rdynamic' '-shared-libgcc' '-mtune=pentium' '-march=pentium'
 /usr/lib/gcc/gcc/i586-poky-linux/4.9.1/collect2 -plugin /usr/lib/gcc/gcc/i586-poky-linux/4.9.1/liblto_plugin.so -plugin-opt=/usr/lib/gcc/gcc/i586-poky-linux/4.9.1/lto-wrapper -plugin-opt=-fresolution=/tmp/ccBb8qPR.res -plugin-opt=-pass-through=-lgcc_s -plugin-opt=-pass-through=-lgcc -plugin-opt=-pass-through=-lc -plugin-opt=-pass-through=-lgcc_s -plugin-opt=-pass-through=-lgcc --sysroot=/ --build-id --eh-frame-hdr --hash-style=gnu -m elf_i386 -export-dynamic -dynamic-linker /lib/ld-linux.so.2 -o cmTryCompileExec3882013487 /usr/lib/gcc/i586-poky-linux/4.9.1/../../../crt1.o /usr/lib/gcc/i586-poky-linux/4.9.1/../../../crti.o /usr/lib/gcc/i586-poky-linux/4.9.1/../../../i586-poky-linux/4.9.1/crtbegin.o -L/usr/lib/gcc/i586-poky-linux/4.9.1 -L/usr/lib/gcc/i586-poky-linux/4.9.1/../../../i586-poky-linux/4.9.1 -L/usr/lib/gcc/i586-poky-linux/4.9.1/../../.. -L/usr/lib/i586-poky-linux/4.9.1 CMakeFiles/cmTryCompileExec3882013487.dir/CMakeCXXCompilerABI.cpp.o -lstdc++ -lm -lgcc_s -lgcc -lc -lgcc_s -lgcc /usr/lib/gcc/i586-poky-linux/4.9.1/../../../i586-poky-linux/4.9.1/crtend.o /usr/lib/gcc/i586-poky-linux/4.9.1/../../../crtn.o
make[1]: Leaving directory '/home/Harmony_Spring_Demo/build/CMakeFiles/CMakeTmp'


Parsed CXX implicit link information from above output:
  link line regex: [^( *|.*[/\])(ld|([^/\]+-)?ld|collect2)[^/\]*( |$)]
  ignore line: [Change Dir: /home/Harmony_Spring_Demo/build/CMakeFiles/CMakeTmp]
  ignore line: []
  ignore line: [Run Build Command:/usr/bin/make "cmTryCompileExec3882013487/fast"]
  ignore line: [/usr/bin/make -f CMakeFiles/cmTryCompileExec3882013487.dir/build.make CMakeFiles/cmTryCompileExec3882013487.dir/build]
  ignore line: [make[1]: Entering directory '/home/Harmony_Spring_Demo/build/CMakeFiles/CMakeTmp']
  ignore line: [/usr/bin/cmake -E cmake_progress_report /home/Harmony_Spring_Demo/build/CMakeFiles/CMakeTmp/CMakeFiles 1]
  ignore line: [Building CXX object CMakeFiles/cmTryCompileExec3882013487.dir/CMakeCXXCompilerABI.cpp.o]
  ignore line: [/usr/bin/c++     -o CMakeFiles/cmTryCompileExec3882013487.dir/CMakeCXXCompilerABI.cpp.o -c /usr/share/cmake-2.8/Modules/CMakeCXXCompilerABI.cpp]
  ignore line: [Linking CXX executable cmTryCompileExec3882013487]
  ignore line: [/usr/bin/cmake -E cmake_link_script CMakeFiles/cmTryCompileExec3882013487.dir/link.txt --verbose=1]
  ignore line: [/usr/bin/c++      -v CMakeFiles/cmTryCompileExec3882013487.dir/CMakeCXXCompilerABI.cpp.o  -o cmTryCompileExec3882013487 -rdynamic  ]
  ignore line: [Using built-in specs.]
  ignore line: [COLLECT_GCC=/usr/bin/c++]
  ignore line: [COLLECT_LTO_WRAPPER=/usr/lib/gcc/gcc/i586-poky-linux/4.9.1/lto-wrapper]
  ignore line: [Target: i586-poky-linux]
  ignore line: [Configured with: /data/jenkins_worker/workspace/edison-weekly/out/linux64/build/tmp/work-shared/gcc-4.9.1-r0/gcc-4.9.1/configure --build=x86_64-linux --host=i586-poky-linux --target=i586-poky-linux --prefix=/usr --exec_prefix=/usr --bindir=/usr/bin --sbindir=/usr/sbin --libexecdir=/usr/lib/gcc --datadir=/usr/share --sysconfdir=/etc --sharedstatedir=/com --localstatedir=/var --libdir=/usr/lib --includedir=/usr/include --oldincludedir=/usr/include --infodir=/usr/share/info --mandir=/usr/share/man --disable-silent-rules --disable-dependency-tracking --with-libtool-sysroot=/data/jenkins_worker/workspace/edison-weekly/out/linux64/build/tmp/sysroots/edison --with-gnu-ld --enable-shared --enable-languages=c,c++ --enable-threads=posix --enable-multilib --enable-c99 --enable-long-long --enable-symvers=gnu --enable-libstdcxx-pch --program-prefix=i586-poky-linux- --without-local-prefix --enable-target-optspace --enable-lto --enable-libssp --disable-bootstrap --disable-libmudflap --with-system-zlib --with-linker-hash-style=gnu --enable-linker-build-id --with-ppl=no --with-cloog=no --enable-checking=release --enable-cheaders=c_global --with-sysroot=/ --with-build-sysroot=/data/jenkins_worker/workspace/edison-weekly/out/linux64/build/tmp/sysroots/edison --with-native-system-header-dir=/data/jenkins_worker/workspace/edison-weekly/out/linux64/build/tmp/sysroots/edison/usr/include --with-gxx-include-dir=/usr/include/c++/4.9.1 --enable-nls --enable-__cxa_atexit]
  ignore line: [Thread model: posix]
  ignore line: [gcc version 4.9.1 (GCC) ]
  ignore line: [COMPILER_PATH=/usr/lib/gcc/gcc/i586-poky-linux/4.9.1/:/usr/lib/gcc/gcc/i586-poky-linux/4.9.1/:/usr/lib/gcc/gcc/i586-poky-linux/:/usr/lib/gcc/i586-poky-linux/4.9.1/:/usr/lib/gcc/i586-poky-linux/:/usr/lib/gcc/i586-poky-linux/4.9.1/../../../../i586-poky-linux/bin/]
  ignore line: [LIBRARY_PATH=/usr/lib/gcc/i586-poky-linux/4.9.1/:/usr/lib/gcc/i586-poky-linux/4.9.1/../../../i586-poky-linux/4.9.1/:/usr/lib/gcc/i586-poky-linux/4.9.1/../../../:/lib/:/usr/lib/i586-poky-linux/4.9.1/:/usr/lib/]
  ignore line: [COLLECT_GCC_OPTIONS='-v' '-o' 'cmTryCompileExec3882013487' '-rdynamic' '-shared-libgcc' '-mtune=pentium' '-march=pentium']
  link line: [ /usr/lib/gcc/gcc/i586-poky-linux/4.9.1/collect2 -plugin /usr/lib/gcc/gcc/i586-poky-linux/4.9.1/liblto_plugin.so -plugin-opt=/usr/lib/gcc/gcc/i586-poky-linux/4.9.1/lto-wrapper -plugin-opt=-fresolution=/tmp/ccBb8qPR.res -plugin-opt=-pass-through=-lgcc_s -plugin-opt=-pass-through=-lgcc -plugin-opt=-pass-through=-lc -plugin-opt=-pass-through=-lgcc_s -plugin-opt=-pass-through=-lgcc --sysroot=/ --build-id --eh-frame-hdr --hash-style=gnu -m elf_i386 -export-dynamic -dynamic-linker /lib/ld-linux.so.2 -o cmTryCompileExec3882013487 /usr/lib/gcc/i586-poky-linux/4.9.1/../../../crt1.o /usr/lib/gcc/i586-poky-linux/4.9.1/../../../crti.o /usr/lib/gcc/i586-poky-linux/4.9.1/../../../i586-poky-linux/4.9.1/crtbegin.o -L/usr/lib/gcc/i586-poky-linux/4.9.1 -L/usr/lib/gcc/i586-poky-linux/4.9.1/../../../i586-poky-linux/4.9.1 -L/usr/lib/gcc/i586-poky-linux/4.9.1/../../.. -L/usr/lib/i586-poky-linux/4.9.1 CMakeFiles/cmTryCompileExec3882013487.dir/CMakeCXXCompilerABI.cpp.o -lstdc++ -lm -lgcc_s -lgcc -lc -lgcc_s -lgcc /usr/lib/gcc/i586-poky-linux/4.9.1/../../../i586-poky-linux/4.9.1/crtend.o /usr/lib/gcc/i586-poky-linux/4.9.1/../../../crtn.o]
    arg [/usr/lib/gcc/gcc/i586-poky-linux/4.9.1/collect2] ==> ignore
    arg [-plugin] ==> ignore
    arg [/usr/lib/gcc/gcc/i586-poky-linux/4.9.1/liblto_plugin.so] ==> ignore
    arg [-plugin-opt=/usr/lib/gcc/gcc/i586-poky-linux/4.9.1/lto-wrapper] ==> ignore
    arg [-plugin-opt=-fresolution=/tmp/ccBb8qPR.res] ==> ignore
    arg [-plugin-opt=-pass-through=-lgcc_s] ==> ignore
    arg [-plugin-opt=-pass-through=-lgcc] ==> ignore
    arg [-plugin-opt=-pass-through=-lc] ==> ignore
    arg [-plugin-opt=-pass-through=-lgcc_s] ==> ignore
    arg [-plugin-opt=-pass-through=-lgcc] ==> ignore
    arg [--sysroot=/] ==> ignore
    arg [--build-id] ==> ignore
    arg [--eh-frame-hdr] ==> ignore
    arg [--hash-style=gnu] ==> ignore
    arg [-m] ==> ignore
    arg [elf_i386] ==> ignore
    arg [-export-dynamic] ==> ignore
    arg [-dynamic-linker] ==> ignore
    arg [/lib/ld-linux.so.2] ==> ignore
    arg [-o] ==> ignore
    arg [cmTryCompileExec3882013487] ==> ignore
    arg [/usr/lib/gcc/i586-poky-linux/4.9.1/../../../crt1.o] ==> ignore
    arg [/usr/lib/gcc/i586-poky-linux/4.9.1/../../../crti.o] ==> ignore
    arg [/usr/lib/gcc/i586-poky-linux/4.9.1/../../../i586-poky-linux/4.9.1/crtbegin.o] ==> ignore
    arg [-L/usr/lib/gcc/i586-poky-linux/4.9.1] ==> dir [/usr/lib/gcc/i586-poky-linux/4.9.1]
    arg [-L/usr/lib/gcc/i586-poky-linux/4.9.1/../../../i586-poky-linux/4.9.1] ==> dir [/usr/lib/gcc/i586-poky-linux/4.9.1/../../../i586-poky-linux/4.9.1]
    arg [-L/usr/lib/gcc/i586-poky-linux/4.9.1/../../..] ==> dir [/usr/lib/gcc/i586-poky-linux/4.9.1/../../..]
    arg [-L/usr/lib/i586-poky-linux/4.9.1] ==> dir [/usr/lib/i586-poky-linux/4.9.1]
    arg [CMakeFiles/cmTryCompileExec3882013487.dir/CMakeCXXCompilerABI.cpp.o] ==> ignore
    arg [-lstdc++] ==> lib [stdc++]
    arg [-lm] ==> lib [m]
    arg [-lgcc_s] ==> lib [gcc_s]
    arg [-lgcc] ==> lib [gcc]
    arg [-lc] ==> lib [c]
    arg [-lgcc_s] ==> lib [gcc_s]
    arg [-lgcc] ==> lib [gcc]
    arg [/usr/lib/gcc/i586-poky-linux/4.9.1/../../../i586-poky-linux/4.9.1/crtend.o] ==> ignore
    arg [/usr/lib/gcc/i586-poky-linux/4.9.1/../../../crtn.o] ==> ignore
  remove lib [gcc_s]
  remove lib [gcc]
  remove lib [gcc_s]
  remove lib [gcc]
  collapse library dir [/usr/lib/gcc/i586-poky-linux/4.9.1] ==> [/usr/lib/gcc/i586-poky-linux/4.9.1]
  collapse library dir [/usr/lib/gcc/i586-poky-linux/4.9.1/../../../i586-poky-linux/4.9.1] ==> [/usr/lib/i586-poky-linux/4.9.1]
  collapse library dir [/usr/lib/gcc/i586-poky-linux/4.9.1/../../..] ==> [/usr/lib]
  collapse library dir [/usr/lib/i586-poky-linux/4.9.1] ==> [/usr/lib/i586-poky-linux/4.9.1]
  implicit libs: [stdc++;m;c]
  implicit dirs: [/usr/lib/gcc/i586-poky-linux/4.9.1;/usr/lib/i586-poky-linux/4.9.1;/usr/lib]
  implicit fwks: []


